<?xml version="1.0" encoding="UTF-8"?>
<!-- Generated by org.testng.reporters.JUnitReportReporter -->
<testsuite hostname="LPT1274" failures="0" tests="1" name="com.taplus.qa.testcases.PassionPageTest" time="4.078" errors="0" timestamp="2025-09-09T21:36:25 IST" skipped="0">
  <testcase classname="com.taplus.qa.testcases.PassionPageTest" name="closeXbutton" time="4.078"/>
</testsuite> <!-- com.taplus.qa.testcases.PassionPageTest -->
