<?xml version="1.0" encoding="UTF-8"?>
<!-- Generated by org.testng.reporters.JUnitReportReporter -->
<testsuite hostname="LPT1274" failures="0" tests="1" name="com.taplus.qa.testcases.HomePageTest" time="2.681" errors="0" timestamp="2025-09-04T12:22:46 IST" skipped="0">
  <testcase classname="com.taplus.qa.testcases.HomePageTest" name="titleofpage" time="2.681"/>
</testsuite> <!-- com.taplus.qa.testcases.HomePageTest -->
