<?xml version="1.0" encoding="UTF-8"?>
<!-- Generated by org.testng.reporters.JUnitReportReporter -->
<testsuite hostname="LPT1274" failures="0" tests="2" name="com.taplus.qa.testcases.HomePageTest" time="0.179" errors="0" timestamp="2025-09-08T15:04:55 IST" skipped="0">
  <testcase classname="com.taplus.qa.testcases.HomePageTest" name="titleofpage" time="0.014"/>
  <testcase classname="com.taplus.qa.testcases.HomePageTest" name="starthere" time="0.165"/>
</testsuite> <!-- com.taplus.qa.testcases.HomePageTest -->
