<?xml version="1.0" encoding="UTF-8"?>
<!-- Generated by org.testng.reporters.JUnitReportReporter -->
<testsuite hostname="LPT1274" failures="0" tests="2" name="com.taplus.qa.testcases.LogoutPageTest" time="4.246" errors="0" timestamp="2025-09-09T21:20:32 IST" skipped="0">
  <testcase classname="com.taplus.qa.testcases.LogoutPageTest" name="closeXbutton" time="3.960"/>
  <testcase classname="com.taplus.qa.testcases.LogoutPageTest" name="logoutusericon" time="0.286"/>
</testsuite> <!-- com.taplus.qa.testcases.LogoutPageTest -->
